[0m20:36:42.936163 [debug] [MainThread]: Sending event: {'category': 'dbt', 'action': 'invocation', 'label': 'start', 'context': [<snowplow_tracker.self_describing_json.SelfDescribingJson object at 0x000001C4C0FAC260>, <snowplow_tracker.self_describing_json.SelfDescribingJson object at 0x000001C4C0FAFF80>, <snowplow_tracker.self_describing_json.SelfDescribingJson object at 0x000001C4BF582900>]}


============================== 20:36:42.945095 | 68b01a98-608a-4635-b7e1-0011a8b8581f ==============================
[0m20:36:42.945095 [info ] [MainThread]: Running with dbt=1.11.8
[0m20:36:42.945095 [debug] [MainThread]: running dbt with arguments {'version_check': 'True', 'no_print': 'None', 'static_parser': 'True', 'target_path': 'None', 'warn_error_options': 'WarnErrorOptionsV2(error=[], warn=[], silence=[])', 'printer_width': '80', 'write_json': 'True', 'empty': 'None', 'log_cache_events': 'False', 'introspect': 'True', 'cache_selected_only': 'False', 'fail_fast': 'False', 'debug': 'False', 'log_format': 'default', 'partial_parse': 'True', 'send_anonymous_usage_stats': 'True', 'quiet': 'False', 'warn_error': 'None', 'profiles_dir': 'C:\\Users\\user\\.dbt', 'indirect_selection': 'eager', 'use_colors': 'True', 'invocation_command': 'dbt init', 'use_experimental_parser': 'False', 'log_path': 'logs'}
[0m20:36:43.004749 [info ] [MainThread]: Creating dbt configuration folder at C:\Users\user\.dbt
[0m20:37:40.363394 [debug] [MainThread]: Starter project path: C:\Users\user\AppData\Local\Programs\Python\Python312\Lib\site-packages\dbt\include\starter_project
[0m20:37:40.436689 [info ] [MainThread]: 
Your new dbt project "analytics" was created!

For more information on how to configure the profiles.yml file,
please consult the dbt documentation here:

  https://docs.getdbt.com/docs/configure-your-profile

One more thing:

Need help? Don't hesitate to reach out to us via GitHub issues or on Slack:

  https://community.getdbt.com/

Happy modeling!

[0m20:37:40.437735 [info ] [MainThread]: Setting up your profile.
[0m20:37:46.030446 [info ] [MainThread]: Profile analytics written to C:\Users\user\.dbt\profiles.yml using target's sample configuration. Once updated, you'll be able to start developing with dbt.
[0m20:37:46.030446 [debug] [MainThread]: Command `dbt init` succeeded at 20:37:46.030446 after 63.42 seconds
[0m20:37:46.030446 [debug] [MainThread]: Sending event: {'category': 'dbt', 'action': 'invocation', 'label': 'end', 'context': [<snowplow_tracker.self_describing_json.SelfDescribingJson object at 0x000001C4C304BEF0>, <snowplow_tracker.self_describing_json.SelfDescribingJson object at 0x000001C4C16F7CE0>, <snowplow_tracker.self_describing_json.SelfDescribingJson object at 0x000001C4C16F7A40>]}
[0m20:37:46.030446 [debug] [MainThread]: Flushing usage events
[0m20:37:47.358775 [debug] [MainThread]: An error was encountered while trying to flush usage events
